2017-08-03 01:28:12 INFO  Main:14 - run method mine
2017-08-03 01:28:12 INFO  TimeMessageResourceImpl:16 - Run method getLocaleDayPartHelloMessage
2017-08-03 01:28:12 INFO  TimeMessageResourceImpl:22 - method getLocaleDayPartHelloMessage params: Locale locale = ru; Calendar calendar = Thu Aug 03 01:28:12 EEST 2017
2017-08-03 01:28:12 INFO  TimeMessageResourceImpl:35 - Dun method getLocaleDayPartHelloMessage, return message: Доброй ночи, Мир!
2017-08-03 01:28:12 INFO  Main:20 - dun method mine
2017-08-03 01:28:19 INFO  TimeMessageResourceImpl:16 - Run method getLocaleDayPartHelloMessage
2017-08-03 01:28:19 INFO  TimeMessageResourceImpl:22 - method getLocaleDayPartHelloMessage params: Locale locale = ru; Calendar calendar = Wed Dec 31 08:59:19 EET 2
2017-08-03 01:28:19 INFO  TimeMessageResourceImpl:35 - Dun method getLocaleDayPartHelloMessage, return message: Доброе утро, Мир!
2017-08-03 01:28:19 INFO  TimeMessageResourceImpl:16 - Run method getLocaleDayPartHelloMessage
2017-08-03 01:28:19 INFO  TimeMessageResourceImpl:22 - method getLocaleDayPartHelloMessage params: Locale locale = en; Calendar calendar = Wed Dec 31 23:00:19 EET 2
2017-08-03 01:28:19 INFO  TimeMessageResourceImpl:35 - Dun method getLocaleDayPartHelloMessage, return message: Good night, World!
2017-08-03 01:28:19 INFO  TimeMessageResourceImpl:16 - Run method getLocaleDayPartHelloMessage
2017-08-03 01:28:19 INFO  TimeMessageResourceImpl:22 - method getLocaleDayPartHelloMessage params: Locale locale = ru; Calendar calendar = Wed Dec 31 05:59:19 EET 2
2017-08-03 01:28:19 INFO  TimeMessageResourceImpl:35 - Dun method getLocaleDayPartHelloMessage, return message: Доброй ночи, Мир!
2017-08-03 01:28:19 INFO  TimeMessageResourceImpl:16 - Run method getLocaleDayPartHelloMessage
2017-08-03 01:28:19 INFO  TimeMessageResourceImpl:22 - method getLocaleDayPartHelloMessage params: Locale locale = en; Calendar calendar = Wed Dec 31 19:00:19 EET 2
2017-08-03 01:28:19 INFO  TimeMessageResourceImpl:35 - Dun method getLocaleDayPartHelloMessage, return message: Good evening, World!
2017-08-03 01:28:19 INFO  TimeMessageResourceImpl:16 - Run method getLocaleDayPartHelloMessage
2017-08-03 01:28:19 INFO  TimeMessageResourceImpl:22 - method getLocaleDayPartHelloMessage params: Locale locale = en; Calendar calendar = Wed Dec 31 09:00:19 EET 2
2017-08-03 01:28:19 INFO  TimeMessageResourceImpl:35 - Dun method getLocaleDayPartHelloMessage, return message: Good day, World!
2017-08-03 01:28:19 INFO  TimeMessageResourceImpl:16 - Run method getLocaleDayPartHelloMessage
2017-08-03 01:28:19 INFO  TimeMessageResourceImpl:22 - method getLocaleDayPartHelloMessage params: Locale locale = ru; Calendar calendar = Wed Dec 31 22:59:19 EET 2
2017-08-03 01:28:19 INFO  TimeMessageResourceImpl:35 - Dun method getLocaleDayPartHelloMessage, return message: Добрый вечер, Мир!
2017-08-03 01:28:19 INFO  TimeMessageResourceImpl:16 - Run method getLocaleDayPartHelloMessage
2017-08-03 01:28:19 INFO  TimeMessageResourceImpl:22 - method getLocaleDayPartHelloMessage params: Locale locale = ru; Calendar calendar = Wed Dec 31 18:59:19 EET 2
2017-08-03 01:28:19 INFO  TimeMessageResourceImpl:35 - Dun method getLocaleDayPartHelloMessage, return message: Добрый день, Мир!
2017-08-03 01:28:19 INFO  TimeMessageResourceImpl:16 - Run method getLocaleDayPartHelloMessage
2017-08-03 01:28:19 INFO  TimeMessageResourceImpl:22 - method getLocaleDayPartHelloMessage params: Locale locale = en; Calendar calendar = Wed Dec 31 06:00:19 EET 2
2017-08-03 01:28:19 INFO  TimeMessageResourceImpl:35 - Dun method getLocaleDayPartHelloMessage, return message: Good morning, World!
